Arguments: 
  /Users/swarajgandhi/.nvm/versions/node/v12.18.3/bin/node /usr/local/Cellar/yarn/1.19.2/libexec/bin/yarn.js init

PATH: 
  /Users/swarajgandhi/.rvm/gems/ruby-2.2.5/bin:/Users/swarajgandhi/.rvm/gems/ruby-2.2.5@global/bin:/Users/swarajgandhi/.rvm/rubies/ruby-2.2.5/bin:/Users/swarajgandhi/.nvm/versions/node/v12.18.3/bin:/Users/swarajgandhi/.cargo/bin:/usr/local/bin:/usr/bin:/bin:/usr/sbin:/sbin:/usr/local/go/bin:/Library/Apple/usr/bin:/Users/swarajgandhi/.rvm/bin:/Users/swarajgandhi/Downloads/flutter/bin

Yarn version: 
  1.19.2

Node version: 
  12.18.3

Platform: 
  darwin x64

Trace: 
  Error: canceled
      at Interface.<anonymous> (/usr/local/Cellar/yarn/1.19.2/libexec/lib/cli.js:136846:13)
      at Interface.emit (events.js:315:20)
      at Interface._ttyWrite (readline.js:868:16)
      at ReadStream.onkeypress (readline.js:205:10)
      at ReadStream.emit (events.js:315:20)
      at emitKeys (internal/readline/utils.js:335:14)
      at emitKeys.next (<anonymous>)
      at ReadStream.onData (readline.js:1137:36)
      at ReadStream.emit (events.js:315:20)
      at addChunk (_stream_readable.js:295:12)

npm manifest: 
  {
    "name": "yarn-workspace-with-lerna",
    "version": "1.0.0",
    "main": "index.js",
    "license": "MIT"
  }

yarn manifest: 
  No manifest

Lockfile: 
  No lockfile
